[2250:259:1129/203039.218046:INFO:CONSOLE(64)] "A parser-blocking, cross site (i.e. different eTLD+1) script, https://www.google.com/jsapi, is invoked via document.write. The network request for this script MAY be blocked by the browser in this or a future page load due to poor network connectivity. If blocked in this page load, it will be confirmed in a subsequent console message. See https://www.chromestatus.com/feature/5718547946799104 for more details.", source: https://online.nojima.co.jp/ (64)
[2250:259:1129/203039.219666:INFO:CONSOLE(64)] "A parser-blocking, cross site (i.e. different eTLD+1) script, https://www.google.com/jsapi, is invoked via document.write. The network request for this script MAY be blocked by the browser in this or a future page load due to poor network connectivity. If blocked in this page load, it will be confirmed in a subsequent console message. See https://www.chromestatus.com/feature/5718547946799104 for more details.", source: https://online.nojima.co.jp/ (64)
[2250:259:1129/203040.198199:INFO:CONSOLE(155)] "Uncaught Error: Module "ads.search" is not supported.", source: https://www.google.com/jsapi (155)
[2250:259:1129/203041.418572:INFO:CONSOLE(32)] "Unrecognized feature: 'conversion-measurement'.", source: https://www.googleadservices.com/pagead/conversion.js (32)
[2250:259:1129/203053.027729:INFO:CONSOLE(58)] "A parser-blocking, cross site (i.e. different eTLD+1) script, https://www.google.com/jsapi, is invoked via document.write. The network request for this script MAY be blocked by the browser in this or a future page load due to poor network connectivity. If blocked in this page load, it will be confirmed in a subsequent console message. See https://www.chromestatus.com/feature/5718547946799104 for more details.", source: https://online.nojima.co.jp/app/catalog/list/init?searchCategoryCode=0&searchMethod=0&searchWord=R1983 (58)
[2250:259:1129/203053.029404:INFO:CONSOLE(58)] "A parser-blocking, cross site (i.e. different eTLD+1) script, https://www.google.com/jsapi, is invoked via document.write. The network request for this script MAY be blocked by the browser in this or a future page load due to poor network connectivity. If blocked in this page load, it will be confirmed in a subsequent console message. See https://www.chromestatus.com/feature/5718547946799104 for more details.", source: https://online.nojima.co.jp/app/catalog/list/init?searchCategoryCode=0&searchMethod=0&searchWord=R1983 (58)
[2250:259:1129/203053.091509:INFO:CONSOLE(155)] "Uncaught Error: Module "ads.search" is not supported.", source: https://www.google.com/jsapi (155)
[2250:259:1129/203053.335937:INFO:CONSOLE(32)] "Unrecognized feature: 'conversion-measurement'.", source: https://www.googleadservices.com/pagead/conversion.js (32)
[2250:259:1129/203054.915963:INFO:CONSOLE(58)] "A parser-blocking, cross site (i.e. different eTLD+1) script, https://www.google.com/jsapi, is invoked via document.write. The network request for this script MAY be blocked by the browser in this or a future page load due to poor network connectivity. If blocked in this page load, it will be confirmed in a subsequent console message. See https://www.chromestatus.com/feature/5718547946799104 for more details.", source: https://online.nojima.co.jp/app/catalog/list/init?searchCategoryCode=0&searchMethod=0&searchWord=GYH69 (58)
[2250:259:1129/203054.916342:INFO:CONSOLE(58)] "A parser-blocking, cross site (i.e. different eTLD+1) script, https://www.google.com/jsapi, is invoked via document.write. The network request for this script MAY be blocked by the browser in this or a future page load due to poor network connectivity. If blocked in this page load, it will be confirmed in a subsequent console message. See https://www.chromestatus.com/feature/5718547946799104 for more details.", source: https://online.nojima.co.jp/app/catalog/list/init?searchCategoryCode=0&searchMethod=0&searchWord=GYH69 (58)
[2250:259:1129/203054.976793:INFO:CONSOLE(155)] "Uncaught Error: Module "ads.search" is not supported.", source: https://www.google.com/jsapi (155)
[2250:259:1129/203055.064055:INFO:CONSOLE(32)] "Unrecognized feature: 'conversion-measurement'.", source: https://www.googleadservices.com/pagead/conversion.js (32)
[2250:259:1129/203056.169403:INFO:CONSOLE(58)] "A parser-blocking, cross site (i.e. different eTLD+1) script, https://www.google.com/jsapi, is invoked via document.write. The network request for this script MAY be blocked by the browser in this or a future page load due to poor network connectivity. If blocked in this page load, it will be confirmed in a subsequent console message. See https://www.chromestatus.com/feature/5718547946799104 for more details.", source: https://online.nojima.co.jp/app/catalog/list/init?searchCategoryCode=0&searchMethod=0&searchWord=10698 (58)
[2250:259:1129/203056.169504:INFO:CONSOLE(58)] "A parser-blocking, cross site (i.e. different eTLD+1) script, https://www.google.com/jsapi, is invoked via document.write. The network request for this script MAY be blocked by the browser in this or a future page load due to poor network connectivity. If blocked in this page load, it will be confirmed in a subsequent console message. See https://www.chromestatus.com/feature/5718547946799104 for more details.", source: https://online.nojima.co.jp/app/catalog/list/init?searchCategoryCode=0&searchMethod=0&searchWord=10698 (58)
[2250:259:1129/203056.223235:INFO:CONSOLE(155)] "Uncaught Error: Module "ads.search" is not supported.", source: https://www.google.com/jsapi (155)
[2250:259:1129/203056.304597:INFO:CONSOLE(32)] "Unrecognized feature: 'conversion-measurement'.", source: https://www.googleadservices.com/pagead/conversion.js (32)
[2250:259:1129/203057.721652:INFO:CONSOLE(11)] "The key "target-densitydpi" is not supported.", source: https://www.yamada-denkiweb.com/ (11)
[2250:259:1129/203059.696297:INFO:CONSOLE(2)] "Uncaught TypeError: Cannot read properties of undefined (reading '0')", source: https://log1.mobylog.jp/__xdtc/500527.js (2)
[2250:259:1129/203101.495454:INFO:CONSOLE(1)] "Yahoo Japan: error: {"type":"script","message":"Problem loading https://v6.advg.jp/adpv6/pv.js/4gs","tagId":471169}", source: https://s.yjtag.jp/tag.js (1)
[2250:28931:1129/203107.577141:ERROR:chrome_browser_main_extra_parts_metrics.cc(226)] crbug.com/1216328: Checking Bluetooth availability started. Please report if there is no report that this ends.
[2250:28931:1129/203107.580884:ERROR:chrome_browser_main_extra_parts_metrics.cc(229)] crbug.com/1216328: Checking Bluetooth availability ended.
[2250:28931:1129/203107.581186:ERROR:chrome_browser_main_extra_parts_metrics.cc(232)] crbug.com/1216328: Checking default browser status started. Please report if there is no report that this ends.
[2250:28931:1129/203107.581916:ERROR:chrome_browser_main_extra_parts_metrics.cc(236)] crbug.com/1216328: Checking default browser status ended.
[2250:259:1129/203107.736340:INFO:CONSOLE(11)] "The key "target-densitydpi" is not supported.", source: https://www.yamada-denkiweb.com/search/R1983/?path=&searchbox=1 (11)
[2250:259:1129/203108.475309:INFO:CONSOLE(2)] "Uncaught TypeError: Cannot read properties of undefined (reading '0')", source: https://log1.mobylog.jp/__xdtc/500527.js (2)
[2250:259:1129/203108.627368:INFO:CONSOLE(1)] "Yahoo Japan: error: {"type":"script","message":"Problem loading https://v6.advg.jp/adpv6/pv.js/4gs","tagId":471169}", source: https://s.yjtag.jp/tag.js (1)
[2250:259:1129/203109.986116:INFO:CONSOLE(11)] "The key "target-densitydpi" is not supported.", source: https://www.yamada-denkiweb.com/search/GYH69/?path=&searchbox=1 (11)
[2250:259:1129/203110.167917:INFO:CONSOLE(3)] "dataLayer[0].google_tag_params.user_id TypeError: Cannot read properties of undefined (reading 'user_id')", source:  (3)
[2250:259:1129/203110.308686:INFO:CONSOLE(2)] "Uncaught TypeError: Cannot read properties of undefined (reading '0')", source: https://log1.mobylog.jp/__xdtc/500527.js (2)
[2250:259:1129/203113.623117:INFO:CONSOLE(11)] "The key "target-densitydpi" is not supported.", source: https://www.yamada-denkiweb.com/search/10698/?path=&searchbox=1 (11)
[2250:259:1129/203113.794478:INFO:CONSOLE(2)] "Uncaught TypeError: Cannot read properties of undefined (reading '0')", source: https://log1.mobylog.jp/__xdtc/500527.js (2)
[2250:259:1129/203114.460977:INFO:CONSOLE(1)] "Yahoo Japan: error: {"type":"script","message":"Problem loading https://v6.advg.jp/adpv6/pv.js/4gs","tagId":471169}", source: https://s.yjtag.jp/tag.js (1)
[2250:259:1129/203138.147295:WARNING:pref_notifier_impl.cc(40)] Pref observer for media_router.cast_allow_all_ips found at shutdown.
