[28671:259:1130/164230.342461:INFO:CONSOLE(11)] "The key "target-densitydpi" is not supported.", source: https://www.yamada-denkiweb.com/ (11)
[28671:259:1130/164231.863512:INFO:CONSOLE(2)] "Uncaught TypeError: Cannot read properties of undefined (reading '0')", source: https://log1.mobylog.jp/__xdtc/500527.js (2)
[28671:259:1130/164235.151443:INFO:CONSOLE(1)] "Yahoo Japan: error: {"type":"script","message":"Problem loading https://v6.advg.jp/adpv6/pv.js/4gs","tagId":471169}", source: https://s.yjtag.jp/tag.js (1)
[28671:35331:1130/164240.606793:ERROR:chrome_browser_main_extra_parts_metrics.cc(226)] crbug.com/1216328: Checking Bluetooth availability started. Please report if there is no report that this ends.
[28671:35331:1130/164240.608519:ERROR:chrome_browser_main_extra_parts_metrics.cc(229)] crbug.com/1216328: Checking Bluetooth availability ended.
[28671:35331:1130/164240.608592:ERROR:chrome_browser_main_extra_parts_metrics.cc(232)] crbug.com/1216328: Checking default browser status started. Please report if there is no report that this ends.
[28671:35331:1130/164240.609436:ERROR:chrome_browser_main_extra_parts_metrics.cc(236)] crbug.com/1216328: Checking default browser status ended.
[28671:259:1130/164252.910062:INFO:CONSOLE(11)] "The key "target-densitydpi" is not supported.", source: https://www.yamada-denkiweb.com/search/H135/?path=&searchbox=1 (11)
[28671:259:1130/164253.509773:INFO:CONSOLE(2)] "Uncaught TypeError: Cannot read properties of undefined (reading '0')", source: https://log1.mobylog.jp/__xdtc/500527.js (2)
[28671:259:1130/164255.574353:INFO:CONSOLE(1)] "Yahoo Japan: error: {"type":"script","message":"Problem loading https://v6.advg.jp/adpv6/pv.js/4gs","tagId":471169}", source: https://s.yjtag.jp/tag.js (1)
[28671:259:1130/164317.192352:INFO:CONSOLE(11)] "The key "target-densitydpi" is not supported.", source: https://www.yamada-denkiweb.com/search/111/?path=&searchbox=1 (11)
[28671:259:1130/164318.706530:INFO:CONSOLE(2)] "Uncaught TypeError: Cannot read properties of undefined (reading '0')", source: https://log1.mobylog.jp/__xdtc/500527.js (2)
[28671:259:1130/164319.493281:INFO:CONSOLE(1)] "Yahoo Japan: error: {"type":"script","message":"Problem loading https://v6.advg.jp/adpv6/pv.js/4gs","tagId":471169}", source: https://s.yjtag.jp/tag.js (1)
[28671:259:1130/164325.275673:INFO:CONSOLE(11)] "The key "target-densitydpi" is not supported.", source: https://www.yamada-denkiweb.com/search/DMBD-18/?path=&searchbox=1 (11)
[28671:259:1130/164325.467586:INFO:CONSOLE(2)] "Uncaught TypeError: Cannot read properties of undefined (reading '0')", source: https://log1.mobylog.jp/__xdtc/500527.js (2)
[28671:259:1130/164325.982898:INFO:CONSOLE(1)] "Yahoo Japan: error: {"type":"script","message":"Problem loading https://v6.advg.jp/adpv6/pv.js/4gs","tagId":471169}", source: https://s.yjtag.jp/tag.js (1)
[28671:259:1130/164330.936714:INFO:CONSOLE(11)] "The key "target-densitydpi" is not supported.", source: https://www.yamada-denkiweb.com/search/21163/?path=&searchbox=1 (11)
[28671:259:1130/164331.691177:INFO:CONSOLE(2)] "Uncaught TypeError: Cannot read properties of undefined (reading '0')", source: https://log1.mobylog.jp/__xdtc/500527.js (2)
[28671:259:1130/164331.826403:INFO:CONSOLE(1)] "Yahoo Japan: error: {"type":"script","message":"Problem loading https://v6.advg.jp/adpv6/pv.js/4gs","tagId":471169}", source: https://s.yjtag.jp/tag.js (1)
[28671:259:1130/164339.412703:INFO:CONSOLE(11)] "The key "target-densitydpi" is not supported.", source: https://www.yamada-denkiweb.com/search/L-021/?path=&searchbox=1 (11)
[28671:259:1130/164339.583406:INFO:CONSOLE(2)] "Uncaught TypeError: Cannot read properties of undefined (reading '0')", source: https://log1.mobylog.jp/__xdtc/500527.js (2)
[28671:259:1130/164341.194351:INFO:CONSOLE(1)] "Yahoo Japan: error: {"type":"script","message":"Problem loading https://v6.advg.jp/adpv6/pv.js/4gs","tagId":471169}", source: https://s.yjtag.jp/tag.js (1)
[28671:259:1130/164346.726100:INFO:CONSOLE(12)] "The key "target-densitydpi" is not supported.", source: https://www.yamada-denkiweb.com/search/Kizu-Scar-type/?path=&searchbox=1 (12)
[28671:259:1130/164347.940486:INFO:CONSOLE(2)] "Uncaught TypeError: Cannot read properties of undefined (reading '0')", source: https://log1.mobylog.jp/__xdtc/500527.js (2)
[28671:259:1130/164348.271811:INFO:CONSOLE(1)] "Yahoo Japan: error: {"type":"script","message":"Problem loading https://v6.advg.jp/adpv6/pv.js/4gs","tagId":471169}", source: https://s.yjtag.jp/tag.js (1)
[28671:259:1130/164353.054201:INFO:CONSOLE(11)] "The key "target-densitydpi" is not supported.", source: https://www.yamada-denkiweb.com/search/4971404318595/?path=&searchbox=1 (11)
[28671:259:1130/164353.237218:INFO:CONSOLE(2)] "Uncaught TypeError: Cannot read properties of undefined (reading '0')", source: https://log1.mobylog.jp/__xdtc/500527.js (2)
[28671:259:1130/164353.815275:INFO:CONSOLE(1)] "Yahoo Japan: error: {"type":"script","message":"Problem loading https://v6.advg.jp/adpv6/pv.js/4gs","tagId":471169}", source: https://s.yjtag.jp/tag.js (1)
[28671:259:1130/164357.958784:INFO:CONSOLE(11)] "The key "target-densitydpi" is not supported.", source: https://www.yamada-denkiweb.com/search/CBJ83/?path=&searchbox=1 (11)
[28671:259:1130/165728.044513:WARNING:pref_notifier_impl.cc(40)] Pref observer for media_router.cast_allow_all_ips found at shutdown.
