[2251:259:1129/203040.651951:INFO:CONSOLE(4)] "Synchronous XMLHttpRequest on the main thread is deprecated because of its detrimental effects to the end user's experience. For more help, check https://xhr.spec.whatwg.org/.", source: https://www.biccamera.com/bc/resources4/common/js/jquery.min.js (4)
[2251:259:1129/203047.302735:INFO:CONSOLE(40)] "The AudioContext was not allowed to start. It must be resumed (or created) after a user gesture on the page. https://goo.gl/7K7WLu", source: https://www.biccamera.com/__zenedge/assets/f.js?v=1605263140 (40)
[2251:259:1129/203047.719158:INFO:CONSOLE(40)] "The AudioContext was not allowed to start. It must be resumed (or created) after a user gesture on the page. https://goo.gl/7K7WLu", source: https://www.biccamera.com/__zenedge/assets/f.js?v=1605263140 (40)
[2251:259:1129/203047.729239:INFO:CONSOLE(40)] "The ScriptProcessorNode is deprecated. Use AudioWorkletNode instead. (https://bit.ly/audio-worklet)", source: https://www.biccamera.com/__zenedge/assets/f.js?v=1605263140 (40)
[2251:259:1129/203047.729897:INFO:CONSOLE(41)] "The AudioContext was not allowed to start. It must be resumed (or created) after a user gesture on the page. https://goo.gl/7K7WLu", source: https://www.biccamera.com/__zenedge/assets/f.js?v=1605263140 (41)
[2251:259:1129/203047.933667:INFO:CONSOLE(43)] "The ScriptProcessorNode is deprecated. Use AudioWorkletNode instead. (https://bit.ly/audio-worklet)", source: https://www.biccamera.com/__zenedge/assets/f.js?v=1605263140 (43)
[2251:259:1129/203059.908540:INFO:CONSOLE(0)] "Access to fetch at 'https://mug.criteo.com/sid?cpp=mz6e7nxLZENhTWI5YnFNdlVvTzAzUnF2RGZTZXQxYkxsbi9TOXd5ck1CbWQvMjFVQ1o3Vis4cTlWbFVadXcvQy9yejlTeXpFRTg5K0MyNS9saWRLYjUrVmE3MHFDN0JHUk5tVW5zTXlFZWRYYzF5cXIrelVsY1VBTlNyd21NK0l4WE4xZktad3JtYXFNaElYbGYydHFPSE83RkVCZFhSMmM4eERjS0tSNG9qbDB2WEJkSnFvRGZ4aXJpTmptVERlNEw0OEFVaEZZWHpJZWJsOFZacFRjK3U2ckU5K1ZGZ05WdzY0aS9jYUJVejJiQkthTlVmZll3RzAwbnpZSlQzZHRYeUpuZDRHbE9iZUEzbmVJNWdJVTZ6Y0R2dllXU3hySnpCVjNuVjZXSXVZUE53U25DUE1YYmlmb0xOS0dDUkM1NUdncFhCOVBjTmpDRExydVZpd2Q2WHlReWVIOC9rMUViZmxxVzBwMlJtS2JrTUE9fA&cppv=2' (redirected from 'https://gum.criteo.com/sid/json?origin=onetag&domain=biccamera.com&sn=ChromeSyncframe&so=3&topUrl=www.biccamera.com&bundle=Az-g-l9zZDB4SkE1VCUyRjVxMFJnSjZkNXFKMW0yOXNvcnZpcmdhSzl3N1pYS1l5dk5GZzZ6bUxndHdDY0dTVHpoNFklMkZUTmNzQlRRTFlYTGNSZ0VHbnpyZU54RDlQZ1h0aUROV3RtTXg4M2FyZGk5NDFjOWpJR3FGRmVDZWpEdzFWamExMlBKUTVERmw4UUw2dTF0VjJRc1A2RkJ5YWU3SFRzTFliMzFzNyUyRjglMkZGSnlwMjlhQndtbjd5b1ZZT0Ryd1hZM0k3Tw&cw=1&lsw=1') from origin 'https://gum.criteo.com' has been blocked by CORS policy: No 'Access-Control-Allow-Origin' header is present on the requested resource. If an opaque response serves your needs, set the request's mode to 'no-cors' to fetch the resource with CORS disabled.", source: https://gum.criteo.com/syncframe?topUrl=www.biccamera.com&origin=onetag#{%22bundle%22:{%22origin%22:3,%22value%22:%22Az-g-l9zZDB4SkE1VCUyRjVxMFJnSjZkNXFKMW0yOXNvcnZpcmdhSzl3N1pYS1l5dk5GZzZ6bUxndHdDY0dTVHpoNFklMkZUTmNzQlRRTFlYTGNSZ0VHbnpyZU54RDlQZ1h0aUROV3RtTXg4M2FyZGk5NDFjOWpJR3FGRmVDZWpEdzFWamExMlBKUTVERmw4UUw2dTF0VjJRc1A2RkJ5YWU3SFRzTFliMzFzNyUyRjglMkZGSnlwMjlhQndtbjd5b1ZZT0Ryd1hZM0k3Tw%22},%22cw%22:true,%22optout%22:{%22origin%22:0,%22value%22:null},%22origin%22:%22onetag%22,%22pm%22:0,%22sid%22:{%22origin%22:0,%22value%22:null},%22tld%22:%22biccamera.com%22,%22topUrl%22:%22www.biccamera.com%22,%22version%22:%225_8_0%22,%22ifa%22:{%22origin%22:0,%22value%22:null},%22lsw%22:true} (0)
[2251:259:1129/203102.831374:INFO:CONSOLE(0)] "[DOM] Found 2 elements with non-unique id #regist_tenpo_del_id: (More info: https://goo.gl/9p2vKq) %o %o", source: https://www.edion.com/index.html?_rt=8ViuLsibTqRrxJUXf66gbngY9Y0mKRafyrLqM6Mo7c (0)
[2251:259:1129/203102.832237:INFO:CONSOLE(0)] "[DOM] Found 2 elements with non-unique id #usetenpo_delete_form: (More info: https://goo.gl/9p2vKq) %o %o", source: https://www.edion.com/index.html?_rt=8ViuLsibTqRrxJUXf66gbngY9Y0mKRafyrLqM6Mo7c (0)
[2251:259:1129/203103.779983:INFO:CONSOLE(23)] "Unrecognized feature: 'conversion-measurement'.", source: https://www.googleadservices.com/pagead/conversion_async.js (23)
[2251:259:1129/203110.374867:INFO:CONSOLE(1990)] "Uncaught SyntaxError: Unexpected token ','", source: https://www.edion.com/item_list.html?keyword=R1983 (1990)
[2251:259:1129/203110.494786:INFO:CONSOLE(0)] "[DOM] Found 2 elements with non-unique id #regist_tenpo_del_id: (More info: https://goo.gl/9p2vKq) %o %o", source: https://www.edion.com/item_list.html?keyword=R1983 (0)
[2251:259:1129/203110.494860:INFO:CONSOLE(0)] "[DOM] Found 2 elements with non-unique id #usetenpo_delete_form: (More info: https://goo.gl/9p2vKq) %o %o", source: https://www.edion.com/item_list.html?keyword=R1983 (0)
[2251:259:1129/203110.544936:INFO:CONSOLE(23)] "Unrecognized feature: 'conversion-measurement'.", source: https://www.googleadservices.com/pagead/conversion_async.js (23)
[2251:259:1129/203113.896062:INFO:CONSOLE(23)] "Unrecognized feature: 'conversion-measurement'.", source: https://www.googleadservices.com/pagead/conversion_async.js (23)
[2251:259:1129/203114.189184:INFO:CONSOLE(1990)] "Uncaught SyntaxError: Unexpected token ','", source: https://www.edion.com/item_list.html?keyword=GYH69 (1990)
[2251:259:1129/203114.253636:INFO:CONSOLE(0)] "[DOM] Found 2 elements with non-unique id #regist_tenpo_del_id: (More info: https://goo.gl/9p2vKq) %o %o", source: https://www.edion.com/item_list.html?keyword=GYH69 (0)
[2251:259:1129/203114.253996:INFO:CONSOLE(0)] "[DOM] Found 2 elements with non-unique id #usetenpo_delete_form: (More info: https://goo.gl/9p2vKq) %o %o", source: https://www.edion.com/item_list.html?keyword=GYH69 (0)
[2251:142343:1129/203117.112900:ERROR:chrome_browser_main_extra_parts_metrics.cc(226)] crbug.com/1216328: Checking Bluetooth availability started. Please report if there is no report that this ends.
[2251:142343:1129/203117.114415:ERROR:chrome_browser_main_extra_parts_metrics.cc(229)] crbug.com/1216328: Checking Bluetooth availability ended.
[2251:142343:1129/203117.114461:ERROR:chrome_browser_main_extra_parts_metrics.cc(232)] crbug.com/1216328: Checking default browser status started. Please report if there is no report that this ends.
[2251:142343:1129/203117.119189:ERROR:chrome_browser_main_extra_parts_metrics.cc(236)] crbug.com/1216328: Checking default browser status ended.
[2251:259:1129/203118.535140:INFO:CONSOLE(0)] "[DOM] Found 2 elements with non-unique id #regist_tenpo_del_id: (More info: https://goo.gl/9p2vKq) %o %o", source: https://www.edion.com/item_list.html?keyword=10698 (0)
[2251:259:1129/203118.535228:INFO:CONSOLE(0)] "[DOM] Found 2 elements with non-unique id #usetenpo_delete_form: (More info: https://goo.gl/9p2vKq) %o %o", source: https://www.edion.com/item_list.html?keyword=10698 (0)
[2251:259:1129/203118.580097:INFO:CONSOLE(23)] "Unrecognized feature: 'conversion-measurement'.", source: https://www.googleadservices.com/pagead/conversion_async.js (23)
[2251:259:1129/203130.334338:INFO:CONSOLE(7)] "Synchronous XMLHttpRequest on the main thread is deprecated because of its detrimental effects to the end user's experience. For more help, check https://xhr.spec.whatwg.org/.", source: https://kojima-f-s.snva.jp/js/naviplus_suggest.js (7)
[2251:259:1129/203133.829086:INFO:CONSOLE(7)] "Synchronous XMLHttpRequest on the main thread is deprecated because of its detrimental effects to the end user's experience. For more help, check https://xhr.spec.whatwg.org/.", source: https://kojima-f-s.snva.jp/js/naviplus_suggest.js (7)
[2251:259:1129/203137.461454:INFO:CONSOLE(7)] "Synchronous XMLHttpRequest on the main thread is deprecated because of its detrimental effects to the end user's experience. For more help, check https://xhr.spec.whatwg.org/.", source: https://kojima-f-s.snva.jp/js/naviplus_suggest.js (7)
[2251:259:1129/203140.399325:WARNING:pref_notifier_impl.cc(40)] Pref observer for media_router.cast_allow_all_ips found at shutdown.
